2025-08-23 16:54:49,560 - __main__ - INFO - Starting daily discovery cycle...
2025-08-23 16:54:49,560 - __main__ - INFO - Collecting news data...
2025-08-23 16:54:51,647 - __main__ - INFO - Analyzing news for stock implications...
2025-08-23 16:54:52,894 - __main__ - INFO - Collecting sentiment data...
2025-08-23 16:54:52,896 - __main__ - INFO - Collecting market data...
2025-08-23 16:54:52,897 - __main__ - INFO - Analyzing sentiment...
2025-08-23 16:54:52,931 - __main__ - INFO - Analyzing market patterns...
2025-08-23 16:54:52,932 - __main__ - INFO - Generating ML predictions...
2025-08-23 16:54:52,932 - __main__ - INFO - Generating investment recommendations...
2025-08-23 16:54:52,932 - __main__ - INFO - Discovery cycle completed. Found 5 recommendations.
2025-08-23 17:00:09,066 - __main__ - INFO - Starting daily discovery cycle...
2025-08-23 17:00:09,067 - __main__ - INFO - Collecting news data...
2025-08-23 17:00:15,116 - __main__ - INFO - Analyzing news for stock implications...
2025-08-23 17:00:29,211 - __main__ - INFO - Collecting sentiment data...
2025-08-23 17:00:29,214 - __main__ - INFO - Collecting market data...
2025-08-23 17:00:29,215 - __main__ - INFO - Analyzing sentiment...
2025-08-23 17:00:29,274 - __main__ - INFO - Analyzing market patterns...
2025-08-23 17:00:29,274 - __main__ - INFO - Generating ML predictions...
2025-08-23 17:00:29,274 - __main__ - INFO - Generating investment recommendations...
2025-08-23 17:00:29,274 - __main__ - INFO - Discovery cycle completed. Found 5 recommendations.
2025-08-23 17:03:45,798 - __main__ - INFO - Starting daily discovery cycle...
2025-08-23 17:03:45,799 - __main__ - INFO - Collecting news data...
2025-08-23 17:03:48,235 - __main__ - INFO - Analyzing news for stock implications...
2025-08-23 17:03:58,314 - __main__ - INFO - Collecting sentiment data...
2025-08-23 17:03:58,317 - __main__ - INFO - Collecting market data...
2025-08-23 17:03:58,318 - __main__ - INFO - Analyzing sentiment...
2025-08-23 17:03:58,373 - __main__ - INFO - Analyzing market patterns...
2025-08-23 17:03:58,373 - __main__ - INFO - Generating ML predictions...
2025-08-23 17:03:58,373 - __main__ - INFO - Generating investment recommendations...
2025-08-23 17:03:58,374 - __main__ - INFO - Discovery cycle completed. Found 5 recommendations.
2025-08-23 17:06:45,648 - __main__ - INFO - Starting daily discovery cycle...
2025-08-23 17:06:45,648 - __main__ - INFO - Collecting news data...
2025-08-23 17:06:48,335 - __main__ - INFO - Analyzing news for stock implications...
2025-08-23 17:07:00,610 - __main__ - INFO - Collecting sentiment data...
2025-08-23 17:07:00,612 - __main__ - INFO - Collecting market data...
2025-08-23 17:07:00,612 - __main__ - INFO - Analyzing sentiment...
2025-08-23 17:07:00,669 - __main__ - INFO - Analyzing market patterns...
2025-08-23 17:07:00,669 - __main__ - INFO - Generating ML predictions...
2025-08-23 17:07:00,669 - __main__ - INFO - Generating investment recommendations...
2025-08-23 17:07:00,669 - __main__ - INFO - Discovery cycle completed. Found 5 recommendations.
2025-08-23 17:07:46,604 - __main__ - INFO - Starting daily discovery cycle...
2025-08-23 17:07:46,604 - __main__ - INFO - Collecting news data...
2025-08-23 17:07:49,396 - __main__ - INFO - Analyzing news for stock implications...
2025-08-23 17:07:59,415 - __main__ - INFO - Collecting sentiment data...
2025-08-23 17:07:59,415 - __main__ - INFO - Collecting market data...
2025-08-23 17:07:59,415 - __main__ - INFO - Analyzing sentiment...
2025-08-23 17:07:59,458 - __main__ - INFO - Analyzing market patterns...
2025-08-23 17:07:59,458 - __main__ - INFO - Generating ML predictions...
2025-08-23 17:07:59,458 - __main__ - INFO - Generating investment recommendations...
2025-08-23 17:07:59,458 - __main__ - INFO - Discovery cycle completed. Found 5 recommendations.
2025-08-23 17:08:32,161 - __main__ - INFO - Starting daily discovery cycle...
2025-08-23 17:08:32,162 - __main__ - INFO - Collecting news data...
2025-08-23 17:08:34,428 - __main__ - INFO - Analyzing news for stock implications...
2025-08-23 17:08:46,592 - __main__ - INFO - Collecting sentiment data...
2025-08-23 17:08:46,593 - __main__ - INFO - Collecting market data...
2025-08-23 17:08:46,594 - __main__ - INFO - Analyzing sentiment...
2025-08-23 17:08:46,642 - __main__ - INFO - Analyzing market patterns...
2025-08-23 17:08:46,642 - __main__ - INFO - Generating ML predictions...
2025-08-23 17:08:46,642 - __main__ - INFO - Generating investment recommendations...
2025-08-23 17:08:46,642 - __main__ - INFO - Discovery cycle completed. Found 5 recommendations.
2025-08-23 17:09:22,054 - __main__ - INFO - Starting daily discovery cycle...
2025-08-23 17:09:22,054 - __main__ - INFO - Collecting news data...
2025-08-23 17:09:24,024 - __main__ - INFO - Analyzing news for stock implications...
2025-08-23 17:17:02,519 - __main__ - INFO - Collecting sentiment data...
2025-08-23 17:17:23,244 - __main__ - INFO - Collecting market data...
2025-08-23 17:17:59,578 - __main__ - INFO - Analyzing sentiment...
2025-08-23 17:17:59,614 - __main__ - INFO - Analyzing market patterns...
2025-08-23 17:17:59,615 - __main__ - INFO - Generating ML predictions...
2025-08-23 17:17:59,616 - __main__ - INFO - Generating investment recommendations...
2025-08-23 17:17:59,617 - __main__ - INFO - Discovery cycle completed. Found 5 recommendations.
